\BOOKMARK [1][-]{section.1}{\376\377\000M\000a\000c\000h\000i\000n\000e\000\040\000L\000e\000a\000r\000n\000i\000n\000g\000\040\000i\000n\000\040\000R\000:\000\040\000m\000l\000r\000\040\000T\000u\000t\000o\000r\000i\000a\000l}{}% 1
\BOOKMARK [2][-]{subsection.1.1}{\376\377\000Q\000u\000i\000c\000k\000\040\000s\000t\000a\000r\000t}{section.1}% 2
\BOOKMARK [1][-]{section.2}{\376\377\000B\000a\000s\000i\000c\000s}{}% 3
\BOOKMARK [2][-]{subsection.2.1}{\376\377\000L\000e\000a\000r\000n\000i\000n\000g\000\040\000T\000a\000s\000k\000s}{section.2}% 4
\BOOKMARK [3][-]{subsubsection.2.1.1}{\376\377\000T\000a\000s\000k\000\040\000t\000y\000p\000e\000s\000\040\000a\000n\000d\000\040\000c\000r\000e\000a\000t\000i\000o\000n}{subsection.2.1}% 5
\BOOKMARK [3][-]{subsubsection.2.1.2}{\376\377\000F\000u\000r\000t\000h\000e\000r\000\040\000s\000e\000t\000t\000i\000n\000g\000s}{subsection.2.1}% 6
\BOOKMARK [3][-]{subsubsection.2.1.3}{\376\377\000A\000c\000c\000e\000s\000s\000i\000n\000g\000\040\000a\000\040\000l\000e\000a\000r\000n\000i\000n\000g\000\040\000t\000a\000s\000k}{subsection.2.1}% 7
\BOOKMARK [3][-]{subsubsection.2.1.4}{\376\377\000M\000o\000d\000i\000f\000y\000i\000n\000g\000\040\000a\000\040\000l\000e\000a\000r\000n\000i\000n\000g\000\040\000t\000a\000s\000k}{subsection.2.1}% 8
\BOOKMARK [3][-]{subsubsection.2.1.5}{\376\377\000E\000x\000a\000m\000p\000l\000e\000\040\000t\000a\000s\000k\000s\000\040\000a\000n\000d\000\040\000c\000o\000n\000v\000e\000n\000i\000e\000n\000c\000e\000\040\000f\000u\000n\000c\000t\000i\000o\000n\000s}{subsection.2.1}% 9
\BOOKMARK [2][-]{subsection.2.2}{\376\377\000L\000e\000a\000r\000n\000e\000r\000s}{section.2}% 10
\BOOKMARK [3][-]{subsubsection.2.2.1}{\376\377\000C\000o\000n\000s\000t\000r\000u\000c\000t\000i\000n\000g\000\040\000a\000\040\000l\000e\000a\000r\000n\000e\000r}{subsection.2.2}% 11
\BOOKMARK [3][-]{subsubsection.2.2.2}{\376\377\000A\000c\000c\000e\000s\000s\000i\000n\000g\000\040\000a\000\040\000l\000e\000a\000r\000n\000e\000r}{subsection.2.2}% 12
\BOOKMARK [3][-]{subsubsection.2.2.3}{\376\377\000M\000o\000d\000i\000f\000y\000i\000n\000g\000\040\000a\000\040\000l\000e\000a\000r\000n\000e\000r}{subsection.2.2}% 13
\BOOKMARK [3][-]{subsubsection.2.2.4}{\376\377\000L\000i\000s\000t\000i\000n\000g\000\040\000l\000e\000a\000r\000n\000e\000r\000s}{subsection.2.2}% 14
\BOOKMARK [2][-]{subsection.2.3}{\376\377\000P\000r\000e\000d\000i\000c\000t\000i\000n\000g\000\040\000O\000u\000t\000c\000o\000m\000e\000s\000\040\000f\000o\000r\000\040\000N\000e\000w\000\040\000D\000a\000t\000a}{section.2}% 15
\BOOKMARK [3][-]{subsubsection.2.3.1}{\376\377\000A\000c\000c\000e\000s\000s\000i\000n\000g\000\040\000t\000h\000e\000\040\000p\000r\000e\000d\000i\000c\000t\000i\000o\000n}{subsection.2.3}% 16
\BOOKMARK [3][-]{subsubsection.2.3.2}{\376\377\000C\000l\000a\000s\000s\000i\000f\000i\000c\000a\000t\000i\000o\000n\000:\000\040\000A\000d\000j\000u\000s\000t\000i\000n\000g\000\040\000t\000h\000e\000\040\000d\000e\000c\000i\000s\000i\000o\000n\000\040\000t\000h\000r\000e\000s\000h\000o\000l\000d}{subsection.2.3}% 17
\BOOKMARK [3][-]{subsubsection.2.3.3}{\376\377\000V\000i\000s\000u\000a\000l\000i\000z\000i\000n\000g\000\040\000t\000h\000e\000\040\000p\000r\000e\000d\000i\000c\000t\000i\000o\000n}{subsection.2.3}% 18
\BOOKMARK [2][-]{subsection.2.4}{\376\377\000E\000v\000a\000l\000u\000a\000t\000i\000n\000g\000\040\000L\000e\000a\000r\000n\000e\000r\000\040\000P\000e\000r\000f\000o\000r\000m\000a\000n\000c\000e}{section.2}% 19
\BOOKMARK [3][-]{subsubsection.2.4.1}{\376\377\000A\000v\000a\000i\000l\000a\000b\000l\000e\000\040\000p\000e\000r\000f\000o\000r\000m\000a\000n\000c\000e\000\040\000m\000e\000a\000s\000u\000r\000e\000s}{subsection.2.4}% 20
\BOOKMARK [3][-]{subsubsection.2.4.2}{\376\377\000L\000i\000s\000t\000i\000n\000g\000\040\000m\000e\000a\000s\000u\000r\000e\000s}{subsection.2.4}% 21
\BOOKMARK [3][-]{subsubsection.2.4.3}{\376\377\000C\000a\000l\000c\000u\000l\000a\000t\000e\000\040\000p\000e\000r\000f\000o\000r\000m\000a\000n\000c\000e\000\040\000m\000e\000a\000s\000u\000r\000e\000s}{subsection.2.4}% 22
\BOOKMARK [3][-]{subsubsection.2.4.4}{\376\377\000A\000c\000c\000e\000s\000s\000\040\000a\000\040\000p\000e\000r\000f\000o\000r\000m\000a\000n\000c\000e\000\040\000m\000e\000a\000s\000u\000r\000e}{subsection.2.4}% 23
\BOOKMARK [3][-]{subsubsection.2.4.5}{\376\377\000B\000i\000n\000a\000r\000y\000\040\000c\000l\000a\000s\000s\000i\000f\000i\000c\000a\000t\000i\000o\000n}{subsection.2.4}% 24
\BOOKMARK [2][-]{subsection.2.5}{\376\377\000R\000e\000s\000a\000m\000p\000l\000i\000n\000g}{section.2}% 25
\BOOKMARK [3][-]{subsubsection.2.5.1}{\376\377\000D\000e\000f\000i\000n\000i\000n\000g\000\040\000t\000h\000e\000\040\000r\000e\000s\000a\000m\000p\000l\000i\000n\000g\000\040\000s\000t\000r\000a\000t\000e\000g\000y}{subsection.2.5}% 26
\BOOKMARK [3][-]{subsubsection.2.5.2}{\376\377\000P\000e\000r\000f\000o\000r\000m\000i\000n\000g\000\040\000t\000h\000e\000\040\000r\000e\000s\000a\000m\000p\000l\000i\000n\000g}{subsection.2.5}% 27
\BOOKMARK [3][-]{subsubsection.2.5.3}{\376\377\000A\000c\000c\000e\000s\000s\000i\000n\000g\000\040\000r\000e\000s\000a\000m\000p\000l\000e\000\040\000r\000e\000s\000u\000l\000t\000s}{subsection.2.5}% 28
\BOOKMARK [3][-]{subsubsection.2.5.4}{\376\377\000S\000t\000r\000a\000t\000i\000f\000i\000c\000a\000t\000i\000o\000n\000\040\000a\000n\000d\000\040\000b\000l\000o\000c\000k\000i\000n\000g}{subsection.2.5}% 29
\BOOKMARK [3][-]{subsubsection.2.5.5}{\376\377\000R\000e\000s\000a\000m\000p\000l\000e\000\040\000d\000e\000s\000c\000r\000i\000p\000t\000i\000o\000n\000s\000\040\000a\000n\000d\000\040\000r\000e\000s\000a\000m\000p\000l\000e\000\040\000i\000n\000s\000t\000a\000n\000c\000e\000s}{subsection.2.5}% 30
\BOOKMARK [3][-]{subsubsection.2.5.6}{\376\377\000A\000g\000g\000r\000e\000g\000a\000t\000i\000n\000g\000\040\000p\000e\000r\000f\000o\000r\000m\000a\000n\000c\000e\000\040\000v\000a\000l\000u\000e\000s}{subsection.2.5}% 31
\BOOKMARK [3][-]{subsubsection.2.5.7}{\376\377\000C\000o\000n\000v\000e\000n\000i\000e\000n\000c\000e\000\040\000f\000u\000n\000c\000t\000i\000o\000n\000s}{subsection.2.5}% 32
\BOOKMARK [2][-]{subsection.2.6}{\376\377\000T\000u\000n\000i\000n\000g\000\040\000H\000y\000p\000e\000r\000p\000a\000r\000a\000m\000e\000t\000e\000r\000s}{section.2}% 33
\BOOKMARK [3][-]{subsubsection.2.6.1}{\376\377\000S\000p\000e\000c\000i\000f\000y\000i\000n\000g\000\040\000t\000h\000e\000\040\000s\000e\000a\000r\000c\000h\000\040\000s\000p\000a\000c\000e}{subsection.2.6}% 34
\BOOKMARK [3][-]{subsubsection.2.6.2}{\376\377\000S\000p\000e\000c\000i\000f\000y\000i\000n\000g\000\040\000t\000h\000e\000\040\000o\000p\000t\000i\000m\000i\000z\000a\000t\000i\000o\000n\000\040\000a\000l\000g\000o\000r\000i\000t\000h\000m}{subsection.2.6}% 35
\BOOKMARK [3][-]{subsubsection.2.6.3}{\376\377\000P\000e\000r\000f\000o\000r\000m\000i\000n\000g\000\040\000t\000h\000e\000\040\000t\000u\000n\000i\000n\000g}{subsection.2.6}% 36
\BOOKMARK [3][-]{subsubsection.2.6.4}{\376\377\000A\000c\000c\000e\000s\000s\000i\000n\000g\000\040\000t\000h\000e\000\040\000t\000u\000n\000i\000n\000g\000\040\000r\000e\000s\000u\000l\000t}{subsection.2.6}% 37
\BOOKMARK [3][-]{subsubsection.2.6.5}{\376\377\000I\000n\000v\000e\000s\000t\000i\000g\000a\000t\000i\000n\000g\000\040\000h\000y\000p\000e\000r\000p\000a\000r\000a\000m\000e\000t\000e\000r\000\040\000t\000u\000n\000i\000n\000g\000\040\000e\000f\000f\000e\000c\000t\000s}{subsection.2.6}% 38
\BOOKMARK [3][-]{subsubsection.2.6.6}{\376\377\000F\000u\000r\000t\000h\000e\000r\000\040\000c\000o\000m\000m\000e\000n\000t\000s}{subsection.2.6}% 39
\BOOKMARK [2][-]{subsection.2.7}{\376\377\000B\000e\000n\000c\000h\000m\000a\000r\000k\000\040\000E\000x\000p\000e\000r\000i\000m\000e\000n\000t\000s}{section.2}% 40
\BOOKMARK [3][-]{subsubsection.2.7.1}{\376\377\000C\000o\000n\000d\000u\000c\000t\000i\000n\000g\000\040\000b\000e\000n\000c\000h\000m\000a\000r\000k\000\040\000e\000x\000p\000e\000r\000i\000m\000e\000n\000t\000s}{subsection.2.7}% 41
\BOOKMARK [3][-]{subsubsection.2.7.2}{\376\377\000A\000c\000c\000e\000s\000s\000i\000n\000g\000\040\000b\000e\000n\000c\000h\000m\000a\000r\000k\000\040\000r\000e\000s\000u\000l\000t\000s}{subsection.2.7}% 42
\BOOKMARK [3][-]{subsubsection.2.7.3}{\376\377\000M\000e\000r\000g\000i\000n\000g\000\040\000b\000e\000n\000c\000h\000m\000a\000r\000k\000\040\000r\000e\000s\000u\000l\000t\000s}{subsection.2.7}% 43
\BOOKMARK [3][-]{subsubsection.2.7.4}{\376\377\000B\000e\000n\000c\000h\000m\000a\000r\000k\000\040\000a\000n\000a\000l\000y\000s\000i\000s\000\040\000a\000n\000d\000\040\000v\000i\000s\000u\000a\000l\000i\000z\000a\000t\000i\000o\000n}{subsection.2.7}% 44
\BOOKMARK [3][-]{subsubsection.2.7.5}{\376\377\000F\000u\000r\000t\000h\000e\000r\000\040\000c\000o\000m\000m\000e\000n\000t\000s}{subsection.2.7}% 45
\BOOKMARK [2][-]{subsection.2.8}{\376\377\000P\000a\000r\000a\000l\000l\000e\000l\000i\000z\000a\000t\000i\000o\000n}{section.2}% 46
\BOOKMARK [3][-]{subsubsection.2.8.1}{\376\377\000P\000a\000r\000a\000l\000l\000e\000l\000i\000z\000a\000t\000i\000o\000n\000\040\000l\000e\000v\000e\000l\000s}{subsection.2.8}% 47
\BOOKMARK [3][-]{subsubsection.2.8.2}{\376\377\000C\000u\000s\000t\000o\000m\000\040\000l\000e\000a\000r\000n\000e\000r\000s\000\040\000a\000n\000d\000\040\000p\000a\000r\000a\000l\000l\000e\000l\000i\000z\000a\000t\000i\000o\000n}{subsection.2.8}% 48
\BOOKMARK [3][-]{subsubsection.2.8.3}{\376\377\000T\000h\000e\000\040\000e\000n\000d}{subsection.2.8}% 49
\BOOKMARK [2][-]{subsection.2.9}{\376\377\000V\000i\000s\000u\000a\000l\000i\000z\000a\000t\000i\000o\000n}{section.2}% 50
\BOOKMARK [3][-]{subsubsection.2.9.1}{\376\377\000G\000e\000n\000e\000r\000a\000t\000i\000o\000n\000\040\000a\000n\000d\000\040\000p\000l\000o\000t\000t\000i\000n\000g\000\040\000f\000u\000n\000c\000t\000i\000o\000n\000s}{subsection.2.9}% 51
\BOOKMARK [3][-]{subsubsection.2.9.2}{\376\377\000A\000v\000a\000i\000l\000a\000b\000l\000e\000\040\000g\000e\000n\000e\000r\000a\000t\000i\000o\000n\000\040\000a\000n\000d\000\040\000p\000l\000o\000t\000t\000i\000n\000g\000\040\000f\000u\000n\000c\000t\000i\000o\000n\000s}{subsection.2.9}% 52
\BOOKMARK [1][-]{section.3}{\376\377\000A\000d\000v\000a\000n\000c\000e\000d}{}% 53
\BOOKMARK [2][-]{subsection.3.1}{\376\377\000C\000o\000n\000f\000i\000g\000u\000r\000i\000n\000g\000\040\000m\000l\000r}{section.3}% 54
\BOOKMARK [3][-]{subsubsection.3.1.1}{\376\377\000E\000x\000a\000m\000p\000l\000e\000:\000\040\000R\000e\000d\000u\000c\000i\000n\000g\000\040\000t\000h\000e\000\040\000o\000u\000t\000p\000u\000t\000\040\000o\000n\000\040\000t\000h\000e\000\040\000c\000o\000n\000s\000o\000l\000e}{subsection.3.1}% 55
\BOOKMARK [3][-]{subsubsection.3.1.2}{\376\377\000A\000c\000c\000e\000s\000s\000i\000n\000g\000\040\000a\000n\000d\000\040\000r\000e\000s\000e\000t\000t\000i\000n\000g\000\040\000t\000h\000e\000\040\000c\000o\000n\000f\000i\000g\000u\000r\000a\000t\000i\000o\000n}{subsection.3.1}% 56
\BOOKMARK [3][-]{subsubsection.3.1.3}{\376\377\000E\000x\000a\000m\000p\000l\000e\000:\000\040\000T\000u\000r\000n\000i\000n\000g\000\040\000o\000f\000f\000\040\000p\000a\000r\000a\000m\000e\000t\000e\000r\000\040\000c\000h\000e\000c\000k\000i\000n\000g}{subsection.3.1}% 57
\BOOKMARK [3][-]{subsubsection.3.1.4}{\376\377\000E\000x\000a\000m\000p\000l\000e\000:\000\040\000H\000a\000n\000d\000l\000i\000n\000g\000\040\000e\000r\000r\000o\000r\000s\000\040\000i\000n\000\040\000a\000\040\000l\000e\000a\000r\000n\000i\000n\000g\000\040\000m\000e\000t\000h\000o\000d}{subsection.3.1}% 58
\BOOKMARK [2][-]{subsection.3.2}{\376\377\000W\000r\000a\000p\000p\000e\000r}{section.3}% 59
\BOOKMARK [3][-]{subsubsection.3.2.1}{\376\377\000E\000x\000a\000m\000p\000l\000e\000:\000\040\000B\000a\000g\000g\000i\000n\000g\000\040\000w\000r\000a\000p\000p\000e\000r}{subsection.3.2}% 60
\BOOKMARK [2][-]{subsection.3.3}{\376\377\000D\000a\000t\000a\000\040\000P\000r\000e\000p\000r\000o\000c\000e\000s\000s\000i\000n\000g}{section.3}% 61
\BOOKMARK [3][-]{subsubsection.3.3.1}{\376\377\000F\000u\000s\000i\000n\000g\000\040\000l\000e\000a\000r\000n\000e\000r\000s\000\040\000w\000i\000t\000h\000\040\000p\000r\000e\000p\000r\000o\000c\000e\000s\000s\000i\000n\000g}{subsection.3.3}% 62
\BOOKMARK [3][-]{subsubsection.3.3.2}{\376\377\000P\000r\000e\000p\000r\000o\000c\000e\000s\000s\000i\000n\000g\000\040\000w\000i\000t\000h\000\040\000m\000a\000k\000e\000P\000r\000e\000p\000r\000o\000c\000W\000r\000a\000p\000p\000e\000r\000C\000a\000r\000e\000t}{subsection.3.3}% 63
\BOOKMARK [3][-]{subsubsection.3.3.3}{\376\377\000W\000r\000i\000t\000i\000n\000g\000\040\000a\000\040\000c\000u\000s\000t\000o\000m\000\040\000p\000r\000e\000p\000r\000o\000c\000e\000s\000s\000i\000n\000g\000\040\000w\000r\000a\000p\000p\000e\000r}{subsection.3.3}% 64
\BOOKMARK [2][-]{subsection.3.4}{\376\377\000C\000o\000n\000f\000i\000g\000u\000r\000i\000n\000g\000\040\000m\000l\000r}{section.3}% 65
\BOOKMARK [3][-]{subsubsection.3.4.1}{\376\377\000E\000x\000a\000m\000p\000l\000e\000:\000\040\000R\000e\000d\000u\000c\000i\000n\000g\000\040\000t\000h\000e\000\040\000o\000u\000t\000p\000u\000t\000\040\000o\000n\000\040\000t\000h\000e\000\040\000c\000o\000n\000s\000o\000l\000e}{subsection.3.4}% 66
\BOOKMARK [3][-]{subsubsection.3.4.2}{\376\377\000A\000c\000c\000e\000s\000s\000i\000n\000g\000\040\000a\000n\000d\000\040\000r\000e\000s\000e\000t\000t\000i\000n\000g\000\040\000t\000h\000e\000\040\000c\000o\000n\000f\000i\000g\000u\000r\000a\000t\000i\000o\000n}{subsection.3.4}% 67
\BOOKMARK [3][-]{subsubsection.3.4.3}{\376\377\000E\000x\000a\000m\000p\000l\000e\000:\000\040\000T\000u\000r\000n\000i\000n\000g\000\040\000o\000f\000f\000\040\000p\000a\000r\000a\000m\000e\000t\000e\000r\000\040\000c\000h\000e\000c\000k\000i\000n\000g}{subsection.3.4}% 68
\BOOKMARK [3][-]{subsubsection.3.4.4}{\376\377\000E\000x\000a\000m\000p\000l\000e\000:\000\040\000H\000a\000n\000d\000l\000i\000n\000g\000\040\000e\000r\000r\000o\000r\000s\000\040\000i\000n\000\040\000a\000\040\000l\000e\000a\000r\000n\000i\000n\000g\000\040\000m\000e\000t\000h\000o\000d}{subsection.3.4}% 69
\BOOKMARK [2][-]{subsection.3.5}{\376\377\000I\000m\000p\000u\000t\000a\000t\000i\000o\000n\000\040\000o\000f\000\040\000M\000i\000s\000s\000i\000n\000g\000\040\000V\000a\000l\000u\000e\000s}{section.3}% 70
\BOOKMARK [3][-]{subsubsection.3.5.1}{\376\377\000I\000m\000p\000u\000t\000a\000t\000i\000o\000n\000\040\000a\000n\000d\000\040\000r\000e\000i\000m\000p\000u\000t\000a\000t\000i\000o\000n}{subsection.3.5}% 71
\BOOKMARK [3][-]{subsubsection.3.5.2}{\376\377\000F\000u\000s\000i\000n\000g\000\040\000a\000\040\000l\000e\000a\000r\000n\000e\000r\000\040\000w\000i\000t\000h\000\040\000i\000m\000p\000u\000t\000a\000t\000i\000o\000n}{subsection.3.5}% 72
\BOOKMARK [2][-]{subsection.3.6}{\376\377\000G\000e\000n\000e\000r\000i\000c\000\040\000B\000a\000g\000g\000i\000n\000g}{section.3}% 73
\BOOKMARK [3][-]{subsubsection.3.6.1}{\376\377\000C\000h\000a\000n\000g\000i\000n\000g\000\040\000t\000h\000e\000\040\000t\000y\000p\000e\000\040\000o\000f\000\040\000p\000r\000e\000d\000i\000c\000t\000i\000o\000n}{subsection.3.6}% 74
\BOOKMARK [2][-]{subsection.3.7}{\376\377\000I\000t\000e\000r\000a\000t\000e\000d\000\040\000F\000-\000R\000a\000c\000i\000n\000g\000\040\000f\000o\000r\000\040\000m\000i\000x\000e\000d\000\040\000s\000p\000a\000c\000e\000s\000\040\000a\000n\000d\000\040\000d\000e\000p\000e\000n\000d\000e\000n\000c\000i\000e\000s}{section.3}% 75
\BOOKMARK [3][-]{subsubsection.3.7.1}{\376\377\000T\000u\000n\000i\000n\000g\000\040\000a\000c\000r\000o\000s\000s\000\040\000w\000h\000o\000l\000e\000\040\000m\000o\000d\000e\000l\000\040\000s\000p\000a\000c\000e\000s\000\040\000w\000i\000t\000h\000\040\000M\000o\000d\000e\000l\000M\000u\000l\000t\000i\000p\000l\000e\000x\000e\000r}{subsection.3.7}% 76
\BOOKMARK [3][-]{subsubsection.3.7.2}{\376\377\000M\000u\000l\000t\000i\000-\000c\000r\000i\000t\000e\000r\000i\000a\000\040\000e\000v\000a\000l\000u\000a\000t\000i\000o\000n\000\040\000a\000n\000d\000\040\000o\000p\000t\000i\000m\000i\000z\000a\000t\000i\000o\000n}{subsection.3.7}% 77
\BOOKMARK [2][-]{subsection.3.8}{\376\377\000F\000e\000a\000t\000u\000r\000e\000\040\000S\000e\000l\000e\000c\000t\000i\000o\000n}{section.3}% 78
\BOOKMARK [3][-]{subsubsection.3.8.1}{\376\377\000F\000i\000l\000t\000e\000r\000\040\000m\000e\000t\000h\000o\000d\000s}{subsection.3.8}% 79
\BOOKMARK [3][-]{subsubsection.3.8.2}{\376\377\000W\000r\000a\000p\000p\000e\000r\000\040\000m\000e\000t\000h\000o\000d\000s}{subsection.3.8}% 80
\BOOKMARK [2][-]{subsection.3.9}{\376\377\000N\000e\000s\000t\000e\000d\000\040\000R\000e\000s\000a\000m\000p\000l\000i\000n\000g}{section.3}% 81
\BOOKMARK [3][-]{subsubsection.3.9.1}{\376\377\000T\000u\000n\000i\000n\000g}{subsection.3.9}% 82
\BOOKMARK [3][-]{subsubsection.3.9.2}{\376\377\000F\000e\000a\000t\000u\000r\000e\000\040\000s\000e\000l\000e\000c\000t\000i\000o\000n}{subsection.3.9}% 83
\BOOKMARK [3][-]{subsubsection.3.9.3}{\376\377\000B\000e\000n\000c\000h\000m\000a\000r\000k\000\040\000e\000x\000p\000e\000r\000i\000m\000e\000n\000t\000s}{subsection.3.9}% 84
\BOOKMARK [2][-]{subsection.3.10}{\376\377\000C\000o\000s\000t\000-\000S\000e\000n\000s\000i\000t\000i\000v\000e\000\040\000C\000l\000a\000s\000s\000i\000f\000i\000c\000a\000t\000i\000o\000n}{section.3}% 85
\BOOKMARK [3][-]{subsubsection.3.10.1}{\376\377\000C\000l\000a\000s\000s\000-\000d\000e\000p\000e\000n\000d\000e\000n\000t\000\040\000m\000i\000s\000c\000l\000a\000s\000s\000i\000f\000i\000c\000a\000t\000i\000o\000n\000\040\000c\000o\000s\000t\000s}{subsection.3.10}% 86
\BOOKMARK [3][-]{subsubsection.3.10.2}{\376\377\000E\000x\000a\000m\000p\000l\000e\000-\000d\000e\000p\000e\000n\000d\000e\000n\000t\000\040\000m\000i\000s\000c\000l\000a\000s\000s\000i\000f\000i\000c\000a\000t\000i\000o\000n\000\040\000c\000o\000s\000t\000s}{subsection.3.10}% 87
\BOOKMARK [2][-]{subsection.3.11}{\376\377\000I\000m\000b\000a\000l\000a\000n\000c\000e\000d\000\040\000C\000l\000a\000s\000s\000i\000f\000i\000c\000a\000t\000i\000o\000n\000\040\000P\000r\000o\000b\000l\000e\000m\000s}{section.3}% 88
\BOOKMARK [3][-]{subsubsection.3.11.1}{\376\377\000S\000a\000m\000p\000l\000i\000n\000g\000-\000b\000a\000s\000e\000d\000\040\000a\000p\000p\000r\000o\000a\000c\000h\000e\000s}{subsection.3.11}% 89
\BOOKMARK [3][-]{subsubsection.3.11.2}{\376\377\000C\000o\000s\000t\000-\000b\000a\000s\000e\000d\000\040\000a\000p\000p\000r\000o\000a\000c\000h\000e\000s}{subsection.3.11}% 90
\BOOKMARK [2][-]{subsection.3.12}{\376\377\000R\000O\000C\000\040\000A\000n\000a\000l\000y\000s\000i\000s\000\040\000a\000n\000d\000\040\000P\000e\000r\000f\000o\000r\000m\000a\000n\000c\000e\000\040\000C\000u\000r\000v\000e\000s}{section.3}% 91
\BOOKMARK [3][-]{subsubsection.3.12.1}{\376\377\000P\000e\000r\000f\000o\000r\000m\000a\000n\000c\000e\000\040\000p\000l\000o\000t\000s\000\040\000w\000i\000t\000h\000\040\000p\000l\000o\000t\000R\000O\000C\000C\000u\000r\000v\000e\000s}{subsection.3.12}% 92
\BOOKMARK [3][-]{subsubsection.3.12.2}{\376\377\000P\000e\000r\000f\000o\000r\000m\000a\000n\000c\000e\000\040\000p\000l\000o\000t\000s\000\040\000w\000i\000t\000h\000\040\000a\000s\000R\000O\000C\000R\000P\000r\000e\000d\000i\000c\000t\000i\000o\000n}{subsection.3.12}% 93
\BOOKMARK [3][-]{subsubsection.3.12.3}{\376\377\000V\000i\000p\000e\000r\000\040\000c\000h\000a\000r\000t\000s}{subsection.3.12}% 94
\BOOKMARK [2][-]{subsection.3.13}{\376\377\000M\000u\000l\000t\000i\000l\000a\000b\000e\000l\000\040\000C\000l\000a\000s\000s\000i\000f\000i\000c\000a\000t\000i\000o\000n}{section.3}% 95
\BOOKMARK [3][-]{subsubsection.3.13.1}{\376\377\000C\000r\000e\000a\000t\000i\000n\000g\000\040\000a\000\040\000t\000a\000s\000k}{subsection.3.13}% 96
\BOOKMARK [3][-]{subsubsection.3.13.2}{\376\377\000C\000o\000n\000s\000t\000r\000u\000c\000t\000i\000n\000g\000\040\000a\000\040\000l\000e\000a\000r\000n\000e\000r}{subsection.3.13}% 97
\BOOKMARK [3][-]{subsubsection.3.13.3}{\376\377\000T\000r\000a\000i\000n}{subsection.3.13}% 98
\BOOKMARK [3][-]{subsubsection.3.13.4}{\376\377\000P\000r\000e\000d\000i\000c\000t}{subsection.3.13}% 99
\BOOKMARK [3][-]{subsubsection.3.13.5}{\376\377\000P\000e\000r\000f\000o\000r\000m\000a\000n\000c\000e}{subsection.3.13}% 100
\BOOKMARK [3][-]{subsubsection.3.13.6}{\376\377\000R\000e\000s\000a\000m\000p\000l\000i\000n\000g}{subsection.3.13}% 101
\BOOKMARK [3][-]{subsubsection.3.13.7}{\376\377\000B\000i\000n\000a\000r\000y\000\040\000p\000e\000r\000f\000o\000r\000m\000a\000n\000c\000e}{subsection.3.13}% 102
\BOOKMARK [2][-]{subsection.3.14}{\376\377\000L\000e\000a\000r\000n\000i\000n\000g\000\040\000C\000u\000r\000v\000e\000\040\000A\000n\000a\000l\000y\000s\000i\000s}{section.3}% 103
\BOOKMARK [3][-]{subsubsection.3.14.1}{\376\377\000P\000l\000o\000t\000t\000i\000n\000g\000\040\000t\000h\000e\000\040\000l\000e\000a\000r\000n\000i\000n\000g\000\040\000c\000u\000r\000v\000e}{subsection.3.14}% 104
\BOOKMARK [2][-]{subsection.3.15}{\376\377\000E\000x\000p\000l\000o\000r\000i\000n\000g\000\040\000L\000e\000a\000r\000n\000e\000r\000\040\000P\000r\000e\000d\000i\000c\000t\000i\000o\000n\000s}{section.3}% 105
\BOOKMARK [3][-]{subsubsection.3.15.1}{\376\377\000G\000e\000n\000e\000r\000a\000t\000i\000n\000g\000\040\000p\000a\000r\000t\000i\000a\000l\000\040\000d\000e\000p\000e\000n\000d\000e\000n\000c\000e\000s}{subsection.3.15}% 106
\BOOKMARK [3][-]{subsubsection.3.15.2}{\376\377\000F\000u\000n\000c\000t\000i\000o\000n\000a\000l\000\040\000A\000N\000O\000V\000A}{subsection.3.15}% 107
\BOOKMARK [3][-]{subsubsection.3.15.3}{\376\377\000P\000l\000o\000t\000t\000i\000n\000g\000\040\000p\000a\000r\000t\000i\000a\000l\000\040\000d\000e\000p\000e\000n\000d\000e\000n\000c\000e\000s}{subsection.3.15}% 108
\BOOKMARK [2][-]{subsection.3.16}{\376\377\000C\000l\000a\000s\000s\000i\000f\000i\000e\000r\000\040\000C\000a\000l\000i\000b\000r\000a\000t\000i\000o\000n}{section.3}% 109
\BOOKMARK [2][-]{subsection.3.17}{\376\377\000E\000v\000a\000l\000u\000a\000t\000i\000n\000g\000\040\000H\000y\000p\000e\000r\000p\000a\000r\000a\000m\000e\000t\000e\000r\000\040\000T\000u\000n\000i\000n\000g}{section.3}% 110
\BOOKMARK [3][-]{subsubsection.3.17.1}{\376\377\000G\000e\000n\000e\000r\000a\000t\000i\000n\000g\000\040\000h\000y\000p\000e\000r\000p\000a\000r\000a\000m\000e\000t\000e\000r\000\040\000t\000u\000n\000i\000n\000g\000\040\000d\000a\000t\000a}{subsection.3.17}% 111
\BOOKMARK [3][-]{subsubsection.3.17.2}{\376\377\000V\000i\000s\000u\000a\000l\000i\000z\000i\000n\000g\000\040\000t\000h\000e\000\040\000e\000f\000f\000e\000c\000t\000\040\000o\000f\000\040\000a\000\040\000s\000i\000n\000g\000l\000e\000\040\000h\000y\000p\000e\000r\000p\000a\000r\000a\000m\000e\000t\000e\000r}{subsection.3.17}% 112
\BOOKMARK [3][-]{subsubsection.3.17.3}{\376\377\000V\000i\000s\000u\000a\000l\000i\000z\000i\000n\000g\000\040\000t\000h\000e\000\040\000e\000f\000f\000e\000c\000t\000\040\000o\000f\000\040\0002\000\040\000h\000y\000p\000e\000r\000p\000a\000r\000a\000m\000e\000t\000e\000r\000s}{subsection.3.17}% 113
\BOOKMARK [3][-]{subsubsection.3.17.4}{\376\377\000V\000i\000s\000u\000a\000l\000i\000z\000i\000n\000g\000\040\000t\000h\000e\000\040\000e\000f\000f\000e\000c\000t\000s\000\040\000o\000f\000\040\000m\000o\000r\000e\000\040\000t\000h\000a\000n\000\040\0002\000\040\000h\000y\000p\000e\000r\000p\000a\000r\000a\000m\000e\000t\000e\000r\000s}{subsection.3.17}% 114
\BOOKMARK [2][-]{subsection.3.18}{\376\377\000O\000u\000t\000-\000o\000f\000-\000B\000a\000g\000\040\000P\000r\000e\000d\000i\000c\000t\000i\000o\000n\000s}{section.3}% 115
\BOOKMARK [2][-]{subsection.3.19}{\376\377\000H\000a\000n\000d\000l\000i\000n\000g\000\040\000o\000f\000\040\000S\000p\000a\000t\000i\000a\000l\000\040\000D\000a\000t\000a}{section.3}% 116
\BOOKMARK [3][-]{subsubsection.3.19.1}{\376\377\000I\000n\000t\000r\000o\000d\000u\000c\000t\000i\000o\000n}{subsection.3.19}% 117
\BOOKMARK [3][-]{subsubsection.3.19.2}{\376\377\000H\000o\000w\000\040\000t\000o\000\040\000u\000s\000e\000\040\000s\000p\000a\000t\000i\000a\000l\000\040\000p\000a\000r\000t\000i\000t\000i\000o\000n\000i\000n\000g\000\040\000i\000n\000\040\000m\000l\000r}{subsection.3.19}% 118
\BOOKMARK [3][-]{subsubsection.3.19.3}{\376\377\000E\000x\000a\000m\000p\000l\000e\000s}{subsection.3.19}% 119
\BOOKMARK [3][-]{subsubsection.3.19.4}{\376\377\000N\000o\000t\000e\000s}{subsection.3.19}% 120
\BOOKMARK [1][-]{section.4}{\376\377\000E\000x\000t\000e\000n\000d\000i\000n\000g}{}% 121
\BOOKMARK [2][-]{subsection.4.1}{\376\377\000I\000n\000t\000e\000g\000r\000a\000t\000i\000n\000g\000\040\000A\000n\000o\000t\000h\000e\000r\000\040\000L\000e\000a\000r\000n\000e\000r}{section.4}% 122
\BOOKMARK [3][-]{subsubsection.4.1.1}{\376\377\000C\000l\000a\000s\000s\000e\000s\000,\000\040\000c\000o\000n\000s\000t\000r\000u\000c\000t\000o\000r\000s\000,\000\040\000a\000n\000d\000\040\000n\000a\000m\000i\000n\000g\000\040\000s\000c\000h\000e\000m\000e\000s}{subsection.4.1}% 123
\BOOKMARK [3][-]{subsubsection.4.1.2}{\376\377\000C\000l\000a\000s\000s\000i\000f\000i\000c\000a\000t\000i\000o\000n}{subsection.4.1}% 124
\BOOKMARK [3][-]{subsubsection.4.1.3}{\376\377\000R\000e\000g\000r\000e\000s\000s\000i\000o\000n}{subsection.4.1}% 125
\BOOKMARK [3][-]{subsubsection.4.1.4}{\376\377\000S\000u\000r\000v\000i\000v\000a\000l\000\040\000a\000n\000a\000l\000y\000s\000i\000s}{subsection.4.1}% 126
\BOOKMARK [3][-]{subsubsection.4.1.5}{\376\377\000C\000l\000u\000s\000t\000e\000r\000i\000n\000g}{subsection.4.1}% 127
\BOOKMARK [3][-]{subsubsection.4.1.6}{\376\377\000M\000u\000l\000t\000i\000l\000a\000b\000e\000l\000\040\000c\000l\000a\000s\000s\000i\000f\000i\000c\000a\000t\000i\000o\000n}{subsection.4.1}% 128
\BOOKMARK [3][-]{subsubsection.4.1.7}{\376\377\000C\000r\000e\000a\000t\000i\000n\000g\000\040\000a\000\040\000n\000e\000w\000\040\000m\000e\000t\000h\000o\000d\000\040\000f\000o\000r\000\040\000e\000x\000t\000r\000a\000c\000t\000i\000n\000g\000\040\000f\000e\000a\000t\000u\000r\000e\000\040\000i\000m\000p\000o\000r\000t\000a\000n\000c\000e\000\040\000v\000a\000l\000u\000e\000s}{subsection.4.1}% 129
\BOOKMARK [3][-]{subsubsection.4.1.8}{\376\377\000C\000r\000e\000a\000t\000i\000n\000g\000\040\000a\000\040\000n\000e\000w\000\040\000m\000e\000t\000h\000o\000d\000\040\000f\000o\000r\000\040\000e\000x\000t\000r\000a\000c\000t\000i\000n\000g\000\040\000o\000u\000t\000-\000o\000f\000-\000b\000a\000g\000\040\000p\000r\000e\000d\000i\000c\000t\000i\000o\000n\000s}{subsection.4.1}% 130
\BOOKMARK [3][-]{subsubsection.4.1.9}{\376\377\000R\000e\000g\000i\000s\000t\000e\000r\000i\000n\000g\000\040\000y\000o\000u\000r\000\040\000l\000e\000a\000r\000n\000e\000r}{subsection.4.1}% 131
\BOOKMARK [3][-]{subsubsection.4.1.10}{\376\377\000F\000u\000r\000t\000h\000e\000r\000\040\000i\000n\000f\000o\000r\000m\000a\000t\000i\000o\000n\000\040\000f\000o\000r\000\040\000d\000e\000v\000e\000l\000o\000p\000e\000r\000s}{subsection.4.1}% 132
\BOOKMARK [2][-]{subsection.4.2}{\376\377\000I\000n\000t\000e\000g\000r\000a\000t\000i\000n\000g\000\040\000A\000n\000o\000t\000h\000e\000r\000\040\000M\000e\000a\000s\000u\000r\000e}{section.4}% 133
\BOOKMARK [3][-]{subsubsection.4.2.1}{\376\377\000P\000e\000r\000f\000o\000r\000m\000a\000n\000c\000e\000\040\000m\000e\000a\000s\000u\000r\000e\000s\000\040\000a\000n\000d\000\040\000a\000g\000g\000r\000e\000g\000a\000t\000i\000o\000n\000\040\000s\000c\000h\000e\000m\000e\000s}{subsection.4.2}% 134
\BOOKMARK [3][-]{subsubsection.4.2.2}{\376\377\000C\000o\000n\000s\000t\000r\000u\000c\000t\000i\000n\000g\000\040\000a\000\040\000p\000e\000r\000f\000o\000r\000m\000a\000n\000c\000e\000\040\000m\000e\000a\000s\000u\000r\000e}{subsection.4.2}% 135
\BOOKMARK [3][-]{subsubsection.4.2.3}{\376\377\000C\000o\000n\000s\000t\000r\000u\000c\000t\000i\000n\000g\000\040\000a\000\040\000m\000e\000a\000s\000u\000r\000e\000\040\000f\000o\000r\000\040\000o\000r\000d\000i\000n\000a\000r\000y\000\040\000m\000i\000s\000c\000l\000a\000s\000s\000i\000f\000i\000c\000a\000t\000i\000o\000n\000\040\000c\000o\000s\000t\000s}{subsection.4.2}% 136
\BOOKMARK [3][-]{subsubsection.4.2.4}{\376\377\000C\000r\000e\000a\000t\000i\000n\000g\000\040\000a\000n\000\040\000a\000g\000g\000r\000e\000g\000a\000t\000i\000o\000n\000\040\000s\000c\000h\000e\000m\000e}{subsection.4.2}% 137
\BOOKMARK [2][-]{subsection.4.3}{\376\377\000C\000r\000e\000a\000t\000i\000n\000g\000\040\000a\000n\000\040\000I\000m\000p\000u\000t\000a\000t\000i\000o\000n\000\040\000M\000e\000t\000h\000o\000d}{section.4}% 138
\BOOKMARK [3][-]{subsubsection.4.3.1}{\376\377\000E\000x\000a\000m\000p\000l\000e\000:\000\040\000I\000m\000p\000u\000t\000a\000t\000i\000o\000n\000\040\000u\000s\000i\000n\000g\000\040\000t\000h\000e\000\040\000m\000e\000a\000n}{subsection.4.3}% 139
\BOOKMARK [3][-]{subsubsection.4.3.2}{\376\377\000W\000r\000i\000t\000i\000n\000g\000\040\000y\000o\000u\000r\000\040\000o\000w\000n\000\040\000i\000m\000p\000u\000t\000a\000t\000i\000o\000n\000\040\000m\000e\000t\000h\000o\000d}{subsection.4.3}% 140
\BOOKMARK [2][-]{subsection.4.4}{\376\377\000I\000n\000t\000e\000g\000r\000a\000t\000i\000n\000g\000\040\000A\000n\000o\000t\000h\000e\000r\000\040\000F\000i\000l\000t\000e\000r\000\040\000M\000e\000t\000h\000o\000d}{section.4}% 141
\BOOKMARK [3][-]{subsubsection.4.4.1}{\376\377\000F\000i\000l\000t\000e\000r\000\040\000o\000b\000j\000e\000c\000t\000s}{subsection.4.4}% 142
\BOOKMARK [3][-]{subsubsection.4.4.2}{\376\377\000W\000r\000i\000t\000i\000n\000g\000\040\000a\000\040\000n\000e\000w\000\040\000f\000i\000l\000t\000e\000r\000\040\000m\000e\000t\000h\000o\000d}{subsection.4.4}% 143
\BOOKMARK [1][-]{section.5}{\376\377\000A\000p\000p\000e\000n\000d\000i\000x}{}% 144
\BOOKMARK [2][-]{subsection.5.1}{\376\377\000E\000x\000a\000m\000p\000l\000e\000\040\000T\000a\000s\000k\000s}{section.5}% 145
\BOOKMARK [2][-]{subsection.5.2}{\376\377\000I\000n\000t\000e\000g\000r\000a\000t\000e\000d\000\040\000L\000e\000a\000r\000n\000e\000r\000s}{section.5}% 146
\BOOKMARK [2][-]{subsection.5.3}{\376\377\000I\000m\000p\000l\000e\000m\000e\000n\000t\000e\000d\000\040\000P\000e\000r\000f\000o\000r\000m\000a\000n\000c\000e\000\040\000M\000e\000a\000s\000u\000r\000e\000s}{section.5}% 147
\BOOKMARK [2][-]{subsection.5.4}{\376\377\000F\000e\000a\000t\000u\000r\000e\000\040\000S\000e\000l\000e\000c\000t\000i\000o\000n}{section.5}% 148
\BOOKMARK [3][-]{subsubsection.5.4.1}{\376\377\000C\000u\000r\000r\000e\000n\000t\000\040\000m\000e\000t\000h\000o\000d\000s}{subsection.5.4}% 149
\BOOKMARK [3][-]{subsubsection.5.4.2}{\376\377\000D\000e\000p\000r\000e\000c\000a\000t\000e\000d\000\040\000m\000e\000t\000h\000o\000d\000s}{subsection.5.4}% 150
